<?xml version="1.0" encoding="UTF-8"?>
<!-- Generated by org.testng.reporters.JUnitXMLReporter -->
<testsuite hostname="LAPTOP-BUDNKN8F" ignored="0" name="Test" tests="16" failures="0" timestamp="07 Sep 2021 11:20:02 GMT" time="0.057" errors="0">
  <testcase name="SeleniumTest1" time="0.008" classname="MavenProject1.MavenPro1.test"/>
  <testcase name="SeleniumTest2" time="0.0" classname="MavenProject1.MavenPro1.test"/>
  <testcase name="AppTest1" time="0.0" classname="MavenProject1.MavenPro1.AppTest"/>
  <testcase name="AppTest2" time="0.001" classname="MavenProject1.MavenPro1.AppTest"/>
  <testcase name="SeleniumTest1" time="0.001" classname="MavenProject1.MavenPro1.selTestMarch"/>
  <testcase name="SeleniumTest2" time="0.0" classname="MavenProject1.MavenPro1.selTestMarch"/>
  <testcase name="AppiumTest1" time="0.0" classname="MavenProject1.MavenPro1.AppiumTest"/>
  <testcase name="AppiumTest2" time="0.0" classname="MavenProject1.MavenPro1.AppiumTest"/>
  <testcase name="SeleniumTest1" time="0.001" classname="MavenProject1.MavenPro1.SeleniumTest"/>
  <testcase name="SeleniumTest2" time="0.0" classname="MavenProject1.MavenPro1.SeleniumTest"/>
  <testcase name="AppiumTest1" time="0.001" classname="MavenProject1.MavenPro1.Test123"/>
  <testcase name="AppiumTest2" time="0.0" classname="MavenProject1.MavenPro1.Test123"/>
  <testcase name="RestAPITest1" time="0.001" classname="MavenProject1.MavenPro1.RestAPITest"/>
  <testcase name="RestAPITest2" time="0.001" classname="MavenProject1.MavenPro1.RestAPITest"/>
  <testcase name="Selent2" time="0.001" classname="MavenProject1.MavenPro1.Seletest"/>
  <testcase name="est1" time="0.001" classname="MavenProject1.MavenPro1.Seletest"/>
</testsuite> <!-- Test -->
