<?xml version="1.0" encoding="UTF-8"?>
<testng-results skipped="0" failed="0" ignored="0" total="16" passed="16">
  <reporter-output>
  </reporter-output>
  <suite name="Suite" duration-ms="57" started-at="2021-09-07T11:20:02Z" finished-at="2021-09-07T11:20:02Z">
    <groups>
    </groups>
    <test name="Test" duration-ms="57" started-at="2021-09-07T11:20:02Z" finished-at="2021-09-07T11:20:02Z">
      <class name="MavenProject1.MavenPro1.Test123">
        <test-method status="PASS" signature="AppiumTest1()[pri:0, instance:MavenProject1.MavenPro1.Test123@25d250c6]" name="AppiumTest1" duration-ms="1" started-at="2021-09-07T11:20:02Z" finished-at="2021-09-07T11:20:02Z">
          <reporter-output>
          </reporter-output>
        </test-method> <!-- AppiumTest1 -->
        <test-method status="PASS" signature="AppiumTest2()[pri:0, instance:MavenProject1.MavenPro1.Test123@25d250c6]" name="AppiumTest2" duration-ms="0" started-at="2021-09-07T11:20:02Z" finished-at="2021-09-07T11:20:02Z">
          <reporter-output>
          </reporter-output>
        </test-method> <!-- AppiumTest2 -->
      </class> <!-- MavenProject1.MavenPro1.Test123 -->
      <class name="MavenProject1.MavenPro1.AppiumTest">
        <test-method status="PASS" signature="AppiumTest1()[pri:0, instance:MavenProject1.MavenPro1.AppiumTest@4445629]" name="AppiumTest1" duration-ms="0" started-at="2021-09-07T11:20:02Z" finished-at="2021-09-07T11:20:02Z">
          <reporter-output>
          </reporter-output>
        </test-method> <!-- AppiumTest1 -->
        <test-method status="PASS" signature="AppiumTest2()[pri:0, instance:MavenProject1.MavenPro1.AppiumTest@4445629]" name="AppiumTest2" duration-ms="0" started-at="2021-09-07T11:20:02Z" finished-at="2021-09-07T11:20:02Z">
          <reporter-output>
          </reporter-output>
        </test-method> <!-- AppiumTest2 -->
      </class> <!-- MavenProject1.MavenPro1.AppiumTest -->
      <class name="MavenProject1.MavenPro1.AppTest">
        <test-method status="PASS" signature="AppTest2()[pri:0, instance:MavenProject1.MavenPro1.AppTest@56a6d5a6]" name="AppTest2" duration-ms="1" started-at="2021-09-07T11:20:02Z" finished-at="2021-09-07T11:20:02Z">
          <reporter-output>
          </reporter-output>
        </test-method> <!-- AppTest2 -->
        <test-method status="PASS" signature="AppTest1()[pri:0, instance:MavenProject1.MavenPro1.AppTest@56a6d5a6]" name="AppTest1" duration-ms="0" started-at="2021-09-07T11:20:02Z" finished-at="2021-09-07T11:20:02Z">
          <reporter-output>
          </reporter-output>
        </test-method> <!-- AppTest1 -->
      </class> <!-- MavenProject1.MavenPro1.AppTest -->
      <class name="MavenProject1.MavenPro1.SeleniumTest">
        <test-method status="PASS" signature="SeleniumTest1()[pri:0, instance:MavenProject1.MavenPro1.SeleniumTest@45b9a632]" name="SeleniumTest1" duration-ms="1" started-at="2021-09-07T11:20:02Z" finished-at="2021-09-07T11:20:02Z">
          <reporter-output>
          </reporter-output>
        </test-method> <!-- SeleniumTest1 -->
        <test-method status="PASS" signature="SeleniumTest2()[pri:0, instance:MavenProject1.MavenPro1.SeleniumTest@45b9a632]" name="SeleniumTest2" duration-ms="0" started-at="2021-09-07T11:20:02Z" finished-at="2021-09-07T11:20:02Z">
          <reporter-output>
          </reporter-output>
        </test-method> <!-- SeleniumTest2 -->
      </class> <!-- MavenProject1.MavenPro1.SeleniumTest -->
      <class name="MavenProject1.MavenPro1.selTestMarch">
        <test-method status="PASS" signature="SeleniumTest1()[pri:0, instance:MavenProject1.MavenPro1.selTestMarch@18ce0030]" name="SeleniumTest1" duration-ms="1" started-at="2021-09-07T11:20:02Z" finished-at="2021-09-07T11:20:02Z">
          <reporter-output>
          </reporter-output>
        </test-method> <!-- SeleniumTest1 -->
        <test-method status="PASS" signature="SeleniumTest2()[pri:0, instance:MavenProject1.MavenPro1.selTestMarch@18ce0030]" name="SeleniumTest2" duration-ms="0" started-at="2021-09-07T11:20:02Z" finished-at="2021-09-07T11:20:02Z">
          <reporter-output>
          </reporter-output>
        </test-method> <!-- SeleniumTest2 -->
      </class> <!-- MavenProject1.MavenPro1.selTestMarch -->
      <class name="MavenProject1.MavenPro1.test">
        <test-method status="PASS" signature="SeleniumTest1()[pri:0, instance:MavenProject1.MavenPro1.test@309e345f]" name="SeleniumTest1" duration-ms="8" started-at="2021-09-07T11:20:02Z" finished-at="2021-09-07T11:20:02Z">
          <reporter-output>
          </reporter-output>
        </test-method> <!-- SeleniumTest1 -->
        <test-method status="PASS" signature="SeleniumTest2()[pri:0, instance:MavenProject1.MavenPro1.test@309e345f]" name="SeleniumTest2" duration-ms="0" started-at="2021-09-07T11:20:02Z" finished-at="2021-09-07T11:20:02Z">
          <reporter-output>
          </reporter-output>
        </test-method> <!-- SeleniumTest2 -->
      </class> <!-- MavenProject1.MavenPro1.test -->
      <class name="MavenProject1.MavenPro1.RestAPITest">
        <test-method status="PASS" signature="RestAPITest1()[pri:0, instance:MavenProject1.MavenPro1.RestAPITest@4df50bcc]" name="RestAPITest1" duration-ms="1" started-at="2021-09-07T11:20:02Z" finished-at="2021-09-07T11:20:02Z">
          <reporter-output>
          </reporter-output>
        </test-method> <!-- RestAPITest1 -->
        <test-method status="PASS" signature="RestAPITest2()[pri:0, instance:MavenProject1.MavenPro1.RestAPITest@4df50bcc]" name="RestAPITest2" duration-ms="1" started-at="2021-09-07T11:20:02Z" finished-at="2021-09-07T11:20:02Z">
          <reporter-output>
          </reporter-output>
        </test-method> <!-- RestAPITest2 -->
      </class> <!-- MavenProject1.MavenPro1.RestAPITest -->
      <class name="MavenProject1.MavenPro1.Seletest">
        <test-method status="PASS" signature="Selent2()[pri:0, instance:MavenProject1.MavenPro1.Seletest@6b26e945]" name="Selent2" duration-ms="1" started-at="2021-09-07T11:20:02Z" finished-at="2021-09-07T11:20:02Z">
          <reporter-output>
          </reporter-output>
        </test-method> <!-- Selent2 -->
        <test-method status="PASS" signature="est1()[pri:0, instance:MavenProject1.MavenPro1.Seletest@6b26e945]" name="est1" duration-ms="1" started-at="2021-09-07T11:20:02Z" finished-at="2021-09-07T11:20:02Z">
          <reporter-output>
          </reporter-output>
        </test-method> <!-- est1 -->
      </class> <!-- MavenProject1.MavenPro1.Seletest -->
    </test> <!-- Test -->
  </suite> <!-- Suite -->
</testng-results>
