<?xml version="1.0" encoding="UTF-8"?>
<testsuite xmlns:xsi="http://www.w3.org/2001/XMLSchema-instance" xsi:noNamespaceSchemaLocation="https://maven.apache.org/surefire/maven-surefire-plugin/xsd/surefire-test-report-3.0.xsd" version="3.0" name="TestSuite" time="1.185" tests="16" errors="0" skipped="0" failures="0">
  <properties>
[...]
</properties>
  <testcase name="SeleniumTest1" classname="MavenProject1.MavenPro1.test" time="0.009">
    <system-out><![CDATA[[TestNGContentHandler] [WARN] It is strongly recommended to add "<!DOCTYPE suite SYSTEM "http://testng.org/testng-1.0.dtd" >" at the top of your file, otherwise TestNG may fail or not work as expected.
test144444444444444444
]]></system-out>
  </testcase>
  <testcase name="SeleniumTest2" classname="MavenProject1.MavenPro1.test" time="0">
    <system-out><![CDATA[test233333333333333333333
]]></system-out>
  </testcase>
  <testcase name="AppTest1" classname="MavenProject1.MavenPro1.AppTest" time="0">
    <system-out><![CDATA[AppTest1
]]></system-out>
  </testcase>
  <testcase name="AppTest2" classname="MavenProject1.MavenPro1.AppTest" time="0">
    <system-out><![CDATA[AppTest2
]]></system-out>
  </testcase>
  <testcase name="SeleniumTest1" classname="MavenProject1.MavenPro1.selTestMarch" time="0">
    <system-out><![CDATA[selTestMarch1
]]></system-out>
  </testcase>
  <testcase name="SeleniumTest2" classname="MavenProject1.MavenPro1.selTestMarch" time="0.001">
    <system-out><![CDATA[selTestMarch2
]]></system-out>
  </testcase>
  <testcase name="AppiumTest1" classname="MavenProject1.MavenPro1.AppiumTest" time="0.001">
    <system-out><![CDATA[AppiumTest1
]]></system-out>
  </testcase>
  <testcase name="AppiumTest2" classname="MavenProject1.MavenPro1.AppiumTest" time="0">
    <system-out><![CDATA[AppiumTest2
]]></system-out>
  </testcase>
  <testcase name="SeleniumTest1" classname="MavenProject1.MavenPro1.SeleniumTest" time="0">
    <system-out><![CDATA[SeleniumTest1
]]></system-out>
  </testcase>
  <testcase name="SeleniumTest2" classname="MavenProject1.MavenPro1.SeleniumTest" time="0.001">
    <system-out><![CDATA[SeleniumTest2
]]></system-out>
  </testcase>
  <testcase name="AppiumTest1" classname="MavenProject1.MavenPro1.Test123" time="0">
    <system-out><![CDATA[Test1
]]></system-out>
  </testcase>
  <testcase name="AppiumTest2" classname="MavenProject1.MavenPro1.Test123" time="0">
    <system-out><![CDATA[Test2
]]></system-out>
  </testcase>
  <testcase name="RestAPITest1" classname="MavenProject1.MavenPro1.RestAPITest" time="0">
    <system-out><![CDATA[RestAPITest1
]]></system-out>
  </testcase>
  <testcase name="RestAPITest2" classname="MavenProject1.MavenPro1.RestAPITest" time="0.001">
    <system-out><![CDATA[RestAPITest2
]]></system-out>
  </testcase>
  <testcase name="Selent2" classname="MavenProject1.MavenPro1.Seletest" time="0">
    <system-out><![CDATA[test233333333333333333333
]]></system-out>
  </testcase>
  <testcase name="est1" classname="MavenProject1.MavenPro1.Seletest" time="0">
    <system-out><![CDATA[test144444444444444444
]]></system-out>
  </testcase>
</testsuite>